CRITICAL - 2021-11-06 01:15:33 --> Class 'Config\Database' not found
#0 C:\xampp\htdocs\CI4\system\Debug\Toolbar.php(62): CodeIgniter\Debug\Toolbar\Collectors\Database->__construct()
#1 C:\xampp\htdocs\CI4\system\Config\Services.php(626): CodeIgniter\Debug\Toolbar->__construct(Object(Config\Toolbar))
#2 C:\xampp\htdocs\CI4\system\Config\BaseService.php(248): CodeIgniter\Config\Services::toolbar(Object(Config\Toolbar), false)
#3 C:\xampp\htdocs\CI4\system\Config\BaseService.php(189): CodeIgniter\Config\BaseService::__callStatic('toolbar', Array)
#4 C:\xampp\htdocs\CI4\system\Config\Services.php(621): CodeIgniter\Config\BaseService::getSharedInstance('toolbar', NULL)
#5 C:\xampp\htdocs\CI4\system\Config\BaseService.php(248): CodeIgniter\Config\Services::toolbar()
#6 C:\xampp\htdocs\CI4\app\Config\Events.php(48): CodeIgniter\Config\BaseService::__callStatic('toolbar', Array)
#7 C:\xampp\htdocs\CI4\system\Events\Events.php(149): CodeIgniter\Events\Events::Config\{closure}()
#8 C:\xampp\htdocs\CI4\system\CodeIgniter.php(299): CodeIgniter\Events\Events::trigger('pre_system')
#9 C:\xampp\htdocs\CI4\public\index.php(37): CodeIgniter\CodeIgniter->run()
#10 C:\xampp\htdocs\CI4\system\Commands\Server\rewrite.php(43): require_once('C:\\xampp\\htdocs...')
#11 {main}
CRITICAL - 2021-11-06 07:17:48 --> Class 'Config\Database' not found
#0 C:\xampp\htdocs\CI4\system\Debug\Toolbar.php(62): CodeIgniter\Debug\Toolbar\Collectors\Database->__construct()
#1 C:\xampp\htdocs\CI4\system\Config\Services.php(626): CodeIgniter\Debug\Toolbar->__construct(Object(Config\Toolbar))
#2 C:\xampp\htdocs\CI4\system\Config\BaseService.php(248): CodeIgniter\Config\Services::toolbar(Object(Config\Toolbar), false)
#3 C:\xampp\htdocs\CI4\system\Config\BaseService.php(189): CodeIgniter\Config\BaseService::__callStatic('toolbar', Array)
#4 C:\xampp\htdocs\CI4\system\Config\Services.php(621): CodeIgniter\Config\BaseService::getSharedInstance('toolbar', NULL)
#5 C:\xampp\htdocs\CI4\system\Config\BaseService.php(248): CodeIgniter\Config\Services::toolbar()
#6 C:\xampp\htdocs\CI4\app\Config\Events.php(48): CodeIgniter\Config\BaseService::__callStatic('toolbar', Array)
#7 C:\xampp\htdocs\CI4\system\Events\Events.php(149): CodeIgniter\Events\Events::Config\{closure}()
#8 C:\xampp\htdocs\CI4\system\CodeIgniter.php(299): CodeIgniter\Events\Events::trigger('pre_system')
#9 C:\xampp\htdocs\CI4\public\index.php(37): CodeIgniter\CodeIgniter->run()
#10 C:\xampp\htdocs\CI4\system\Commands\Server\rewrite.php(43): require_once('C:\\xampp\\htdocs...')
#11 {main}
CRITICAL - 2021-11-06 07:19:08 --> Class 'Config\Database' not found
#0 C:\xampp\htdocs\CI4\system\Debug\Toolbar.php(62): CodeIgniter\Debug\Toolbar\Collectors\Database->__construct()
#1 C:\xampp\htdocs\CI4\system\Config\Services.php(626): CodeIgniter\Debug\Toolbar->__construct(Object(Config\Toolbar))
#2 C:\xampp\htdocs\CI4\system\Config\BaseService.php(248): CodeIgniter\Config\Services::toolbar(Object(Config\Toolbar), false)
#3 C:\xampp\htdocs\CI4\system\Config\BaseService.php(189): CodeIgniter\Config\BaseService::__callStatic('toolbar', Array)
#4 C:\xampp\htdocs\CI4\system\Config\Services.php(621): CodeIgniter\Config\BaseService::getSharedInstance('toolbar', NULL)
#5 C:\xampp\htdocs\CI4\system\Config\BaseService.php(248): CodeIgniter\Config\Services::toolbar()
#6 C:\xampp\htdocs\CI4\app\Config\Events.php(48): CodeIgniter\Config\BaseService::__callStatic('toolbar', Array)
#7 C:\xampp\htdocs\CI4\system\Events\Events.php(149): CodeIgniter\Events\Events::Config\{closure}()
#8 C:\xampp\htdocs\CI4\system\CodeIgniter.php(299): CodeIgniter\Events\Events::trigger('pre_system')
#9 C:\xampp\htdocs\CI4\public\index.php(37): CodeIgniter\CodeIgniter->run()
#10 C:\xampp\htdocs\CI4\system\Commands\Server\rewrite.php(43): require_once('C:\\xampp\\htdocs...')
#11 {main}
CRITICAL - 2021-11-06 07:19:14 --> Class 'Config\Database' not found
#0 C:\xampp\htdocs\CI4\system\Debug\Toolbar.php(62): CodeIgniter\Debug\Toolbar\Collectors\Database->__construct()
#1 C:\xampp\htdocs\CI4\system\Config\Services.php(626): CodeIgniter\Debug\Toolbar->__construct(Object(Config\Toolbar))
#2 C:\xampp\htdocs\CI4\system\Config\BaseService.php(248): CodeIgniter\Config\Services::toolbar(Object(Config\Toolbar), false)
#3 C:\xampp\htdocs\CI4\system\Config\BaseService.php(189): CodeIgniter\Config\BaseService::__callStatic('toolbar', Array)
#4 C:\xampp\htdocs\CI4\system\Config\Services.php(621): CodeIgniter\Config\BaseService::getSharedInstance('toolbar', NULL)
#5 C:\xampp\htdocs\CI4\system\Config\BaseService.php(248): CodeIgniter\Config\Services::toolbar()
#6 C:\xampp\htdocs\CI4\app\Config\Events.php(48): CodeIgniter\Config\BaseService::__callStatic('toolbar', Array)
#7 C:\xampp\htdocs\CI4\system\Events\Events.php(149): CodeIgniter\Events\Events::Config\{closure}()
#8 C:\xampp\htdocs\CI4\system\CodeIgniter.php(299): CodeIgniter\Events\Events::trigger('pre_system')
#9 C:\xampp\htdocs\CI4\public\index.php(37): CodeIgniter\CodeIgniter->run()
#10 C:\xampp\htdocs\CI4\system\Commands\Server\rewrite.php(43): require_once('C:\\xampp\\htdocs...')
#11 {main}
CRITICAL - 2021-11-06 07:19:19 --> Class 'Config\Database' not found
#0 C:\xampp\htdocs\CI4\system\Debug\Toolbar.php(62): CodeIgniter\Debug\Toolbar\Collectors\Database->__construct()
#1 C:\xampp\htdocs\CI4\system\Config\Services.php(626): CodeIgniter\Debug\Toolbar->__construct(Object(Config\Toolbar))
#2 C:\xampp\htdocs\CI4\system\Config\BaseService.php(248): CodeIgniter\Config\Services::toolbar(Object(Config\Toolbar), false)
#3 C:\xampp\htdocs\CI4\system\Config\BaseService.php(189): CodeIgniter\Config\BaseService::__callStatic('toolbar', Array)
#4 C:\xampp\htdocs\CI4\system\Config\Services.php(621): CodeIgniter\Config\BaseService::getSharedInstance('toolbar', NULL)
#5 C:\xampp\htdocs\CI4\system\Config\BaseService.php(248): CodeIgniter\Config\Services::toolbar()
#6 C:\xampp\htdocs\CI4\app\Config\Events.php(48): CodeIgniter\Config\BaseService::__callStatic('toolbar', Array)
#7 C:\xampp\htdocs\CI4\system\Events\Events.php(149): CodeIgniter\Events\Events::Config\{closure}()
#8 C:\xampp\htdocs\CI4\system\CodeIgniter.php(299): CodeIgniter\Events\Events::trigger('pre_system')
#9 C:\xampp\htdocs\CI4\public\index.php(37): CodeIgniter\CodeIgniter->run()
#10 C:\xampp\htdocs\CI4\system\Commands\Server\rewrite.php(43): require_once('C:\\xampp\\htdocs...')
#11 {main}
CRITICAL - 2021-11-06 07:32:10 --> Class 'Config\Database' not found
#0 C:\xampp\htdocs\CI4\system\Debug\Toolbar.php(62): CodeIgniter\Debug\Toolbar\Collectors\Database->__construct()
#1 C:\xampp\htdocs\CI4\system\Config\Services.php(626): CodeIgniter\Debug\Toolbar->__construct(Object(Config\Toolbar))
#2 C:\xampp\htdocs\CI4\system\Config\BaseService.php(248): CodeIgniter\Config\Services::toolbar(Object(Config\Toolbar), false)
#3 C:\xampp\htdocs\CI4\system\Config\BaseService.php(189): CodeIgniter\Config\BaseService::__callStatic('toolbar', Array)
#4 C:\xampp\htdocs\CI4\system\Config\Services.php(621): CodeIgniter\Config\BaseService::getSharedInstance('toolbar', NULL)
#5 C:\xampp\htdocs\CI4\system\Config\BaseService.php(248): CodeIgniter\Config\Services::toolbar()
#6 C:\xampp\htdocs\CI4\app\Config\Events.php(48): CodeIgniter\Config\BaseService::__callStatic('toolbar', Array)
#7 C:\xampp\htdocs\CI4\system\Events\Events.php(149): CodeIgniter\Events\Events::Config\{closure}()
#8 C:\xampp\htdocs\CI4\system\CodeIgniter.php(299): CodeIgniter\Events\Events::trigger('pre_system')
#9 C:\xampp\htdocs\CI4\public\index.php(37): CodeIgniter\CodeIgniter->run()
#10 C:\xampp\htdocs\CI4\system\Commands\Server\rewrite.php(43): require_once('C:\\xampp\\htdocs...')
#11 {main}
CRITICAL - 2021-11-06 07:37:42 --> Class 'Config\Database' not found
#0 C:\xampp\htdocs\CI4\system\Debug\Toolbar.php(62): CodeIgniter\Debug\Toolbar\Collectors\Database->__construct()
#1 C:\xampp\htdocs\CI4\system\Config\Services.php(626): CodeIgniter\Debug\Toolbar->__construct(Object(Config\Toolbar))
#2 C:\xampp\htdocs\CI4\system\Config\BaseService.php(248): CodeIgniter\Config\Services::toolbar(Object(Config\Toolbar), false)
#3 C:\xampp\htdocs\CI4\system\Config\BaseService.php(189): CodeIgniter\Config\BaseService::__callStatic('toolbar', Array)
#4 C:\xampp\htdocs\CI4\system\Config\Services.php(621): CodeIgniter\Config\BaseService::getSharedInstance('toolbar', NULL)
#5 C:\xampp\htdocs\CI4\system\Config\BaseService.php(248): CodeIgniter\Config\Services::toolbar()
#6 C:\xampp\htdocs\CI4\app\Config\Events.php(48): CodeIgniter\Config\BaseService::__callStatic('toolbar', Array)
#7 C:\xampp\htdocs\CI4\system\Events\Events.php(149): CodeIgniter\Events\Events::Config\{closure}()
#8 C:\xampp\htdocs\CI4\system\CodeIgniter.php(299): CodeIgniter\Events\Events::trigger('pre_system')
#9 C:\xampp\htdocs\CI4\public\index.php(37): CodeIgniter\CodeIgniter->run()
#10 C:\xampp\htdocs\CI4\system\Commands\Server\rewrite.php(43): require_once('C:\\xampp\\htdocs...')
#11 {main}
CRITICAL - 2021-11-06 07:37:49 --> Class 'Config\Database' not found
#0 C:\xampp\htdocs\CI4\system\Debug\Toolbar.php(62): CodeIgniter\Debug\Toolbar\Collectors\Database->__construct()
#1 C:\xampp\htdocs\CI4\system\Config\Services.php(626): CodeIgniter\Debug\Toolbar->__construct(Object(Config\Toolbar))
#2 C:\xampp\htdocs\CI4\system\Config\BaseService.php(248): CodeIgniter\Config\Services::toolbar(Object(Config\Toolbar), false)
#3 C:\xampp\htdocs\CI4\system\Config\BaseService.php(189): CodeIgniter\Config\BaseService::__callStatic('toolbar', Array)
#4 C:\xampp\htdocs\CI4\system\Config\Services.php(621): CodeIgniter\Config\BaseService::getSharedInstance('toolbar', NULL)
#5 C:\xampp\htdocs\CI4\system\Config\BaseService.php(248): CodeIgniter\Config\Services::toolbar()
#6 C:\xampp\htdocs\CI4\app\Config\Events.php(48): CodeIgniter\Config\BaseService::__callStatic('toolbar', Array)
#7 C:\xampp\htdocs\CI4\system\Events\Events.php(149): CodeIgniter\Events\Events::Config\{closure}()
#8 C:\xampp\htdocs\CI4\system\CodeIgniter.php(299): CodeIgniter\Events\Events::trigger('pre_system')
#9 C:\xampp\htdocs\CI4\public\index.php(37): CodeIgniter\CodeIgniter->run()
#10 C:\xampp\htdocs\CI4\system\Commands\Server\rewrite.php(43): require_once('C:\\xampp\\htdocs...')
#11 {main}
CRITICAL - 2021-11-06 07:37:53 --> Class 'Config\Database' not found
#0 C:\xampp\htdocs\CI4\system\Debug\Toolbar.php(62): CodeIgniter\Debug\Toolbar\Collectors\Database->__construct()
#1 C:\xampp\htdocs\CI4\system\Config\Services.php(626): CodeIgniter\Debug\Toolbar->__construct(Object(Config\Toolbar))
#2 C:\xampp\htdocs\CI4\system\Config\BaseService.php(248): CodeIgniter\Config\Services::toolbar(Object(Config\Toolbar), false)
#3 C:\xampp\htdocs\CI4\system\Config\BaseService.php(189): CodeIgniter\Config\BaseService::__callStatic('toolbar', Array)
#4 C:\xampp\htdocs\CI4\system\Config\Services.php(621): CodeIgniter\Config\BaseService::getSharedInstance('toolbar', NULL)
#5 C:\xampp\htdocs\CI4\system\Config\BaseService.php(248): CodeIgniter\Config\Services::toolbar()
#6 C:\xampp\htdocs\CI4\app\Config\Events.php(48): CodeIgniter\Config\BaseService::__callStatic('toolbar', Array)
#7 C:\xampp\htdocs\CI4\system\Events\Events.php(149): CodeIgniter\Events\Events::Config\{closure}()
#8 C:\xampp\htdocs\CI4\system\CodeIgniter.php(299): CodeIgniter\Events\Events::trigger('pre_system')
#9 C:\xampp\htdocs\CI4\public\index.php(37): CodeIgniter\CodeIgniter->run()
#10 C:\xampp\htdocs\CI4\system\Commands\Server\rewrite.php(43): require_once('C:\\xampp\\htdocs...')
#11 {main}
CRITICAL - 2021-11-06 07:40:54 --> Class 'Config\Database' not found
#0 C:\xampp\htdocs\CI4\system\Debug\Toolbar.php(62): CodeIgniter\Debug\Toolbar\Collectors\Database->__construct()
#1 C:\xampp\htdocs\CI4\system\Config\Services.php(626): CodeIgniter\Debug\Toolbar->__construct(Object(Config\Toolbar))
#2 C:\xampp\htdocs\CI4\system\Config\BaseService.php(248): CodeIgniter\Config\Services::toolbar(Object(Config\Toolbar), false)
#3 C:\xampp\htdocs\CI4\system\Config\BaseService.php(189): CodeIgniter\Config\BaseService::__callStatic('toolbar', Array)
#4 C:\xampp\htdocs\CI4\system\Config\Services.php(621): CodeIgniter\Config\BaseService::getSharedInstance('toolbar', NULL)
#5 C:\xampp\htdocs\CI4\system\Config\BaseService.php(248): CodeIgniter\Config\Services::toolbar()
#6 C:\xampp\htdocs\CI4\app\Config\Events.php(48): CodeIgniter\Config\BaseService::__callStatic('toolbar', Array)
#7 C:\xampp\htdocs\CI4\system\Events\Events.php(149): CodeIgniter\Events\Events::Config\{closure}()
#8 C:\xampp\htdocs\CI4\system\CodeIgniter.php(299): CodeIgniter\Events\Events::trigger('pre_system')
#9 C:\xampp\htdocs\CI4\public\index.php(37): CodeIgniter\CodeIgniter->run()
#10 C:\xampp\htdocs\CI4\system\Commands\Server\rewrite.php(43): require_once('C:\\xampp\\htdocs...')
#11 {main}
CRITICAL - 2021-11-06 07:43:21 --> Class 'Config\Database' not found
#0 C:\xampp\htdocs\CI4\system\Debug\Toolbar.php(62): CodeIgniter\Debug\Toolbar\Collectors\Database->__construct()
#1 C:\xampp\htdocs\CI4\system\Config\Services.php(626): CodeIgniter\Debug\Toolbar->__construct(Object(Config\Toolbar))
#2 C:\xampp\htdocs\CI4\system\Config\BaseService.php(248): CodeIgniter\Config\Services::toolbar(Object(Config\Toolbar), false)
#3 C:\xampp\htdocs\CI4\system\Config\BaseService.php(189): CodeIgniter\Config\BaseService::__callStatic('toolbar', Array)
#4 C:\xampp\htdocs\CI4\system\Config\Services.php(621): CodeIgniter\Config\BaseService::getSharedInstance('toolbar', NULL)
#5 C:\xampp\htdocs\CI4\system\Config\BaseService.php(248): CodeIgniter\Config\Services::toolbar()
#6 C:\xampp\htdocs\CI4\app\Config\Events.php(48): CodeIgniter\Config\BaseService::__callStatic('toolbar', Array)
#7 C:\xampp\htdocs\CI4\system\Events\Events.php(149): CodeIgniter\Events\Events::Config\{closure}()
#8 C:\xampp\htdocs\CI4\system\CodeIgniter.php(299): CodeIgniter\Events\Events::trigger('pre_system')
#9 C:\xampp\htdocs\CI4\public\index.php(37): CodeIgniter\CodeIgniter->run()
#10 C:\xampp\htdocs\CI4\system\Commands\Server\rewrite.php(43): require_once('C:\\xampp\\htdocs...')
#11 {main}
CRITICAL - 2021-11-06 07:44:55 --> Undefined class constant 'CodeIgniter\Debug\Toolbar\Collectors\Database::perpustakaan'
#0 C:\xampp\htdocs\CI4\system\Common.php(197): CodeIgniter\Config\Factories::__callStatic('config', Array)
#1 C:\xampp\htdocs\CI4\system\Config\Services.php(624): config('Toolbar')
#2 C:\xampp\htdocs\CI4\system\Config\BaseService.php(248): CodeIgniter\Config\Services::toolbar(NULL, false)
#3 C:\xampp\htdocs\CI4\system\Config\BaseService.php(189): CodeIgniter\Config\BaseService::__callStatic('toolbar', Array)
#4 C:\xampp\htdocs\CI4\system\Config\Services.php(621): CodeIgniter\Config\BaseService::getSharedInstance('toolbar', NULL)
#5 C:\xampp\htdocs\CI4\system\Config\BaseService.php(248): CodeIgniter\Config\Services::toolbar()
#6 C:\xampp\htdocs\CI4\app\Config\Events.php(48): CodeIgniter\Config\BaseService::__callStatic('toolbar', Array)
#7 C:\xampp\htdocs\CI4\system\Events\Events.php(149): CodeIgniter\Events\Events::Config\{closure}()
#8 C:\xampp\htdocs\CI4\system\CodeIgniter.php(299): CodeIgniter\Events\Events::trigger('pre_system')
#9 C:\xampp\htdocs\CI4\public\index.php(37): CodeIgniter\CodeIgniter->run()
#10 C:\xampp\htdocs\CI4\system\Commands\Server\rewrite.php(43): require_once('C:\\xampp\\htdocs...')
#11 {main}
CRITICAL - 2021-11-06 07:49:42 --> Undefined class constant 'CodeIgniter\Debug\Toolbar\Collectors\Database::perpustakaan'
#0 C:\xampp\htdocs\CI4\system\Common.php(197): CodeIgniter\Config\Factories::__callStatic('config', Array)
#1 C:\xampp\htdocs\CI4\system\Config\Services.php(624): config('Toolbar')
#2 C:\xampp\htdocs\CI4\system\Config\BaseService.php(248): CodeIgniter\Config\Services::toolbar(NULL, false)
#3 C:\xampp\htdocs\CI4\system\Config\BaseService.php(189): CodeIgniter\Config\BaseService::__callStatic('toolbar', Array)
#4 C:\xampp\htdocs\CI4\system\Config\Services.php(621): CodeIgniter\Config\BaseService::getSharedInstance('toolbar', NULL)
#5 C:\xampp\htdocs\CI4\system\Config\BaseService.php(248): CodeIgniter\Config\Services::toolbar()
#6 C:\xampp\htdocs\CI4\app\Config\Events.php(48): CodeIgniter\Config\BaseService::__callStatic('toolbar', Array)
#7 C:\xampp\htdocs\CI4\system\Events\Events.php(149): CodeIgniter\Events\Events::Config\{closure}()
#8 C:\xampp\htdocs\CI4\system\CodeIgniter.php(299): CodeIgniter\Events\Events::trigger('pre_system')
#9 C:\xampp\htdocs\CI4\public\index.php(37): CodeIgniter\CodeIgniter->run()
#10 C:\xampp\htdocs\CI4\system\Commands\Server\rewrite.php(43): require_once('C:\\xampp\\htdocs...')
#11 {main}
