CRITICAL - 2021-11-07 00:20:26 --> Undefined class constant 'CodeIgniter\Debug\Toolbar\Collectors\Database::perpustakaan'
#0 C:\xampp\htdocs\CI4\system\Common.php(197): CodeIgniter\Config\Factories::__callStatic('config', Array)
#1 C:\xampp\htdocs\CI4\system\Config\Services.php(624): config('Toolbar')
#2 C:\xampp\htdocs\CI4\system\Config\BaseService.php(248): CodeIgniter\Config\Services::toolbar(NULL, false)
#3 C:\xampp\htdocs\CI4\system\Config\BaseService.php(189): CodeIgniter\Config\BaseService::__callStatic('toolbar', Array)
#4 C:\xampp\htdocs\CI4\system\Config\Services.php(621): CodeIgniter\Config\BaseService::getSharedInstance('toolbar', NULL)
#5 C:\xampp\htdocs\CI4\system\Config\BaseService.php(248): CodeIgniter\Config\Services::toolbar()
#6 C:\xampp\htdocs\CI4\app\Config\Events.php(48): CodeIgniter\Config\BaseService::__callStatic('toolbar', Array)
#7 C:\xampp\htdocs\CI4\system\Events\Events.php(149): CodeIgniter\Events\Events::Config\{closure}()
#8 C:\xampp\htdocs\CI4\system\CodeIgniter.php(299): CodeIgniter\Events\Events::trigger('pre_system')
#9 C:\xampp\htdocs\CI4\public\index.php(37): CodeIgniter\CodeIgniter->run()
#10 C:\xampp\htdocs\CI4\system\Commands\Server\rewrite.php(43): require_once('C:\\xampp\\htdocs...')
#11 {main}
CRITICAL - 2021-11-07 00:20:38 --> Undefined class constant 'CodeIgniter\Debug\Toolbar\Collectors\Database::perpustakaan'
#0 C:\xampp\htdocs\CI4\system\Common.php(197): CodeIgniter\Config\Factories::__callStatic('config', Array)
#1 C:\xampp\htdocs\CI4\system\Config\Services.php(624): config('Toolbar')
#2 C:\xampp\htdocs\CI4\system\Config\BaseService.php(248): CodeIgniter\Config\Services::toolbar(NULL, false)
#3 C:\xampp\htdocs\CI4\system\Config\BaseService.php(189): CodeIgniter\Config\BaseService::__callStatic('toolbar', Array)
#4 C:\xampp\htdocs\CI4\system\Config\Services.php(621): CodeIgniter\Config\BaseService::getSharedInstance('toolbar', NULL)
#5 C:\xampp\htdocs\CI4\system\Config\BaseService.php(248): CodeIgniter\Config\Services::toolbar()
#6 C:\xampp\htdocs\CI4\app\Config\Events.php(48): CodeIgniter\Config\BaseService::__callStatic('toolbar', Array)
#7 C:\xampp\htdocs\CI4\system\Events\Events.php(149): CodeIgniter\Events\Events::Config\{closure}()
#8 C:\xampp\htdocs\CI4\system\CodeIgniter.php(299): CodeIgniter\Events\Events::trigger('pre_system')
#9 C:\xampp\htdocs\CI4\public\index.php(37): CodeIgniter\CodeIgniter->run()
#10 C:\xampp\htdocs\CI4\system\Commands\Server\rewrite.php(43): require_once('C:\\xampp\\htdocs...')
#11 {main}
CRITICAL - 2021-11-07 00:21:13 --> Undefined class constant 'CodeIgniter\Debug\Toolbar\Collectors\Database::perpustakaan'
#0 C:\xampp\htdocs\CI4\system\Common.php(197): CodeIgniter\Config\Factories::__callStatic('config', Array)
#1 C:\xampp\htdocs\CI4\system\Config\Services.php(624): config('Toolbar')
#2 C:\xampp\htdocs\CI4\system\Config\BaseService.php(248): CodeIgniter\Config\Services::toolbar(NULL, false)
#3 C:\xampp\htdocs\CI4\system\Config\BaseService.php(189): CodeIgniter\Config\BaseService::__callStatic('toolbar', Array)
#4 C:\xampp\htdocs\CI4\system\Config\Services.php(621): CodeIgniter\Config\BaseService::getSharedInstance('toolbar', NULL)
#5 C:\xampp\htdocs\CI4\system\Config\BaseService.php(248): CodeIgniter\Config\Services::toolbar()
#6 C:\xampp\htdocs\CI4\app\Config\Events.php(48): CodeIgniter\Config\BaseService::__callStatic('toolbar', Array)
#7 C:\xampp\htdocs\CI4\system\Events\Events.php(149): CodeIgniter\Events\Events::Config\{closure}()
#8 C:\xampp\htdocs\CI4\system\CodeIgniter.php(299): CodeIgniter\Events\Events::trigger('pre_system')
#9 C:\xampp\htdocs\CI4\public\index.php(37): CodeIgniter\CodeIgniter->run()
#10 C:\xampp\htdocs\CI4\system\Commands\Server\rewrite.php(43): require_once('C:\\xampp\\htdocs...')
#11 {main}
CRITICAL - 2021-11-07 00:21:20 --> Undefined class constant 'CodeIgniter\Debug\Toolbar\Collectors\Database::perpustakaan'
#0 C:\xampp\htdocs\CI4\system\Common.php(197): CodeIgniter\Config\Factories::__callStatic('config', Array)
#1 C:\xampp\htdocs\CI4\system\Config\Services.php(624): config('Toolbar')
#2 C:\xampp\htdocs\CI4\system\Config\BaseService.php(248): CodeIgniter\Config\Services::toolbar(NULL, false)
#3 C:\xampp\htdocs\CI4\system\Config\BaseService.php(189): CodeIgniter\Config\BaseService::__callStatic('toolbar', Array)
#4 C:\xampp\htdocs\CI4\system\Config\Services.php(621): CodeIgniter\Config\BaseService::getSharedInstance('toolbar', NULL)
#5 C:\xampp\htdocs\CI4\system\Config\BaseService.php(248): CodeIgniter\Config\Services::toolbar()
#6 C:\xampp\htdocs\CI4\app\Config\Events.php(48): CodeIgniter\Config\BaseService::__callStatic('toolbar', Array)
#7 C:\xampp\htdocs\CI4\system\Events\Events.php(149): CodeIgniter\Events\Events::Config\{closure}()
#8 C:\xampp\htdocs\CI4\system\CodeIgniter.php(299): CodeIgniter\Events\Events::trigger('pre_system')
#9 C:\xampp\htdocs\CI4\public\index.php(37): CodeIgniter\CodeIgniter->run()
#10 C:\xampp\htdocs\CI4\system\Commands\Server\rewrite.php(43): require_once('C:\\xampp\\htdocs...')
#11 {main}
CRITICAL - 2021-11-07 00:36:00 --> Undefined class constant 'CodeIgniter\Debug\Toolbar\Collectors\Database::perpustakaan'
#0 C:\xampp\htdocs\CI4\system\Common.php(197): CodeIgniter\Config\Factories::__callStatic('config', Array)
#1 C:\xampp\htdocs\CI4\system\Config\Services.php(624): config('Toolbar')
#2 C:\xampp\htdocs\CI4\system\Config\BaseService.php(248): CodeIgniter\Config\Services::toolbar(NULL, false)
#3 C:\xampp\htdocs\CI4\system\Config\BaseService.php(189): CodeIgniter\Config\BaseService::__callStatic('toolbar', Array)
#4 C:\xampp\htdocs\CI4\system\Config\Services.php(621): CodeIgniter\Config\BaseService::getSharedInstance('toolbar', NULL)
#5 C:\xampp\htdocs\CI4\system\Config\BaseService.php(248): CodeIgniter\Config\Services::toolbar()
#6 C:\xampp\htdocs\CI4\app\Config\Events.php(48): CodeIgniter\Config\BaseService::__callStatic('toolbar', Array)
#7 C:\xampp\htdocs\CI4\system\Events\Events.php(149): CodeIgniter\Events\Events::Config\{closure}()
#8 C:\xampp\htdocs\CI4\system\CodeIgniter.php(299): CodeIgniter\Events\Events::trigger('pre_system')
#9 C:\xampp\htdocs\CI4\public\index.php(37): CodeIgniter\CodeIgniter->run()
#10 C:\xampp\htdocs\CI4\system\Commands\Server\rewrite.php(43): require_once('C:\\xampp\\htdocs...')
#11 {main}
CRITICAL - 2021-11-07 00:36:13 --> Undefined class constant 'CodeIgniter\Debug\Toolbar\Collectors\Database::perpustakaan'
#0 C:\xampp\htdocs\CI4\system\Common.php(197): CodeIgniter\Config\Factories::__callStatic('config', Array)
#1 C:\xampp\htdocs\CI4\system\Config\Services.php(624): config('Toolbar')
#2 C:\xampp\htdocs\CI4\system\Config\BaseService.php(248): CodeIgniter\Config\Services::toolbar(NULL, false)
#3 C:\xampp\htdocs\CI4\system\Config\BaseService.php(189): CodeIgniter\Config\BaseService::__callStatic('toolbar', Array)
#4 C:\xampp\htdocs\CI4\system\Config\Services.php(621): CodeIgniter\Config\BaseService::getSharedInstance('toolbar', NULL)
#5 C:\xampp\htdocs\CI4\system\Config\BaseService.php(248): CodeIgniter\Config\Services::toolbar()
#6 C:\xampp\htdocs\CI4\app\Config\Events.php(48): CodeIgniter\Config\BaseService::__callStatic('toolbar', Array)
#7 C:\xampp\htdocs\CI4\system\Events\Events.php(149): CodeIgniter\Events\Events::Config\{closure}()
#8 C:\xampp\htdocs\CI4\system\CodeIgniter.php(299): CodeIgniter\Events\Events::trigger('pre_system')
#9 C:\xampp\htdocs\CI4\public\index.php(37): CodeIgniter\CodeIgniter->run()
#10 C:\xampp\htdocs\CI4\system\Commands\Server\rewrite.php(43): require_once('C:\\xampp\\htdocs...')
#11 {main}
CRITICAL - 2021-11-07 00:36:26 --> Undefined class constant 'CodeIgniter\Debug\Toolbar\Collectors\Database::perpustakaan'
#0 C:\xampp\htdocs\CI4\system\Common.php(197): CodeIgniter\Config\Factories::__callStatic('config', Array)
#1 C:\xampp\htdocs\CI4\system\Config\Services.php(624): config('Toolbar')
#2 C:\xampp\htdocs\CI4\system\Config\BaseService.php(248): CodeIgniter\Config\Services::toolbar(NULL, false)
#3 C:\xampp\htdocs\CI4\system\Config\BaseService.php(189): CodeIgniter\Config\BaseService::__callStatic('toolbar', Array)
#4 C:\xampp\htdocs\CI4\system\Config\Services.php(621): CodeIgniter\Config\BaseService::getSharedInstance('toolbar', NULL)
#5 C:\xampp\htdocs\CI4\system\Config\BaseService.php(248): CodeIgniter\Config\Services::toolbar()
#6 C:\xampp\htdocs\CI4\app\Config\Events.php(48): CodeIgniter\Config\BaseService::__callStatic('toolbar', Array)
#7 C:\xampp\htdocs\CI4\system\Events\Events.php(149): CodeIgniter\Events\Events::Config\{closure}()
#8 C:\xampp\htdocs\CI4\system\CodeIgniter.php(299): CodeIgniter\Events\Events::trigger('pre_system')
#9 C:\xampp\htdocs\CI4\public\index.php(37): CodeIgniter\CodeIgniter->run()
#10 C:\xampp\htdocs\CI4\system\Commands\Server\rewrite.php(43): require_once('C:\\xampp\\htdocs...')
#11 {main}
CRITICAL - 2021-11-07 23:30:50 --> Undefined class constant 'CodeIgniter\Debug\Toolbar\Collectors\Database::perpustakaan'
#0 C:\xampp\htdocs\CI4\system\Common.php(197): CodeIgniter\Config\Factories::__callStatic('config', Array)
#1 C:\xampp\htdocs\CI4\system\Config\Services.php(624): config('Toolbar')
#2 C:\xampp\htdocs\CI4\system\Config\BaseService.php(248): CodeIgniter\Config\Services::toolbar(NULL, false)
#3 C:\xampp\htdocs\CI4\system\Config\BaseService.php(189): CodeIgniter\Config\BaseService::__callStatic('toolbar', Array)
#4 C:\xampp\htdocs\CI4\system\Config\Services.php(621): CodeIgniter\Config\BaseService::getSharedInstance('toolbar', NULL)
#5 C:\xampp\htdocs\CI4\system\Config\BaseService.php(248): CodeIgniter\Config\Services::toolbar()
#6 C:\xampp\htdocs\CI4\app\Config\Events.php(48): CodeIgniter\Config\BaseService::__callStatic('toolbar', Array)
#7 C:\xampp\htdocs\CI4\system\Events\Events.php(149): CodeIgniter\Events\Events::Config\{closure}()
#8 C:\xampp\htdocs\CI4\system\CodeIgniter.php(299): CodeIgniter\Events\Events::trigger('pre_system')
#9 C:\xampp\htdocs\CI4\public\index.php(37): CodeIgniter\CodeIgniter->run()
#10 C:\xampp\htdocs\CI4\system\Commands\Server\rewrite.php(43): require_once('C:\\xampp\\htdocs...')
#11 {main}
CRITICAL - 2021-11-07 23:34:45 --> Undefined class constant 'CodeIgniter\Debug\Toolbar\Collectors\Database::perpustakaan'
#0 C:\xampp\htdocs\CI4\system\Common.php(197): CodeIgniter\Config\Factories::__callStatic('config', Array)
#1 C:\xampp\htdocs\CI4\system\Config\Services.php(624): config('Toolbar')
#2 C:\xampp\htdocs\CI4\system\Config\BaseService.php(248): CodeIgniter\Config\Services::toolbar(NULL, false)
#3 C:\xampp\htdocs\CI4\system\Config\BaseService.php(189): CodeIgniter\Config\BaseService::__callStatic('toolbar', Array)
#4 C:\xampp\htdocs\CI4\system\Config\Services.php(621): CodeIgniter\Config\BaseService::getSharedInstance('toolbar', NULL)
#5 C:\xampp\htdocs\CI4\system\Config\BaseService.php(248): CodeIgniter\Config\Services::toolbar()
#6 C:\xampp\htdocs\CI4\app\Config\Events.php(48): CodeIgniter\Config\BaseService::__callStatic('toolbar', Array)
#7 C:\xampp\htdocs\CI4\system\Events\Events.php(149): CodeIgniter\Events\Events::Config\{closure}()
#8 C:\xampp\htdocs\CI4\system\CodeIgniter.php(299): CodeIgniter\Events\Events::trigger('pre_system')
#9 C:\xampp\htdocs\CI4\public\index.php(37): CodeIgniter\CodeIgniter->run()
#10 C:\xampp\htdocs\CI4\system\Commands\Server\rewrite.php(43): require_once('C:\\xampp\\htdocs...')
#11 {main}
CRITICAL - 2021-11-07 23:35:05 --> Undefined class constant 'CodeIgniter\Debug\Toolbar\Collectors\Database::perpustakaan'
#0 C:\xampp\htdocs\CI4\system\Common.php(197): CodeIgniter\Config\Factories::__callStatic('config', Array)
#1 C:\xampp\htdocs\CI4\system\Config\Services.php(624): config('Toolbar')
#2 C:\xampp\htdocs\CI4\system\Config\BaseService.php(248): CodeIgniter\Config\Services::toolbar(NULL, false)
#3 C:\xampp\htdocs\CI4\system\Config\BaseService.php(189): CodeIgniter\Config\BaseService::__callStatic('toolbar', Array)
#4 C:\xampp\htdocs\CI4\system\Config\Services.php(621): CodeIgniter\Config\BaseService::getSharedInstance('toolbar', NULL)
#5 C:\xampp\htdocs\CI4\system\Config\BaseService.php(248): CodeIgniter\Config\Services::toolbar()
#6 C:\xampp\htdocs\CI4\app\Config\Events.php(48): CodeIgniter\Config\BaseService::__callStatic('toolbar', Array)
#7 C:\xampp\htdocs\CI4\system\Events\Events.php(149): CodeIgniter\Events\Events::Config\{closure}()
#8 C:\xampp\htdocs\CI4\system\CodeIgniter.php(299): CodeIgniter\Events\Events::trigger('pre_system')
#9 C:\xampp\htdocs\CI4\public\index.php(37): CodeIgniter\CodeIgniter->run()
#10 C:\xampp\htdocs\CI4\system\Commands\Server\rewrite.php(43): require_once('C:\\xampp\\htdocs...')
#11 {main}
CRITICAL - 2021-11-07 23:35:08 --> Undefined class constant 'CodeIgniter\Debug\Toolbar\Collectors\Database::perpustakaan'
#0 C:\xampp\htdocs\CI4\system\Common.php(197): CodeIgniter\Config\Factories::__callStatic('config', Array)
#1 C:\xampp\htdocs\CI4\system\Config\Services.php(624): config('Toolbar')
#2 C:\xampp\htdocs\CI4\system\Config\BaseService.php(248): CodeIgniter\Config\Services::toolbar(NULL, false)
#3 C:\xampp\htdocs\CI4\system\Config\BaseService.php(189): CodeIgniter\Config\BaseService::__callStatic('toolbar', Array)
#4 C:\xampp\htdocs\CI4\system\Config\Services.php(621): CodeIgniter\Config\BaseService::getSharedInstance('toolbar', NULL)
#5 C:\xampp\htdocs\CI4\system\Config\BaseService.php(248): CodeIgniter\Config\Services::toolbar()
#6 C:\xampp\htdocs\CI4\app\Config\Events.php(48): CodeIgniter\Config\BaseService::__callStatic('toolbar', Array)
#7 C:\xampp\htdocs\CI4\system\Events\Events.php(149): CodeIgniter\Events\Events::Config\{closure}()
#8 C:\xampp\htdocs\CI4\system\CodeIgniter.php(299): CodeIgniter\Events\Events::trigger('pre_system')
#9 C:\xampp\htdocs\CI4\public\index.php(37): CodeIgniter\CodeIgniter->run()
#10 C:\xampp\htdocs\CI4\system\Commands\Server\rewrite.php(43): require_once('C:\\xampp\\htdocs...')
#11 {main}
CRITICAL - 2021-11-07 23:35:09 --> Undefined class constant 'CodeIgniter\Debug\Toolbar\Collectors\Database::perpustakaan'
#0 C:\xampp\htdocs\CI4\system\Common.php(197): CodeIgniter\Config\Factories::__callStatic('config', Array)
#1 C:\xampp\htdocs\CI4\system\Config\Services.php(624): config('Toolbar')
#2 C:\xampp\htdocs\CI4\system\Config\BaseService.php(248): CodeIgniter\Config\Services::toolbar(NULL, false)
#3 C:\xampp\htdocs\CI4\system\Config\BaseService.php(189): CodeIgniter\Config\BaseService::__callStatic('toolbar', Array)
#4 C:\xampp\htdocs\CI4\system\Config\Services.php(621): CodeIgniter\Config\BaseService::getSharedInstance('toolbar', NULL)
#5 C:\xampp\htdocs\CI4\system\Config\BaseService.php(248): CodeIgniter\Config\Services::toolbar()
#6 C:\xampp\htdocs\CI4\app\Config\Events.php(48): CodeIgniter\Config\BaseService::__callStatic('toolbar', Array)
#7 C:\xampp\htdocs\CI4\system\Events\Events.php(149): CodeIgniter\Events\Events::Config\{closure}()
#8 C:\xampp\htdocs\CI4\system\CodeIgniter.php(299): CodeIgniter\Events\Events::trigger('pre_system')
#9 C:\xampp\htdocs\CI4\public\index.php(37): CodeIgniter\CodeIgniter->run()
#10 C:\xampp\htdocs\CI4\system\Commands\Server\rewrite.php(43): require_once('C:\\xampp\\htdocs...')
#11 {main}
CRITICAL - 2021-11-07 23:35:10 --> Undefined class constant 'CodeIgniter\Debug\Toolbar\Collectors\Database::perpustakaan'
#0 C:\xampp\htdocs\CI4\system\Common.php(197): CodeIgniter\Config\Factories::__callStatic('config', Array)
#1 C:\xampp\htdocs\CI4\system\Config\Services.php(624): config('Toolbar')
#2 C:\xampp\htdocs\CI4\system\Config\BaseService.php(248): CodeIgniter\Config\Services::toolbar(NULL, false)
#3 C:\xampp\htdocs\CI4\system\Config\BaseService.php(189): CodeIgniter\Config\BaseService::__callStatic('toolbar', Array)
#4 C:\xampp\htdocs\CI4\system\Config\Services.php(621): CodeIgniter\Config\BaseService::getSharedInstance('toolbar', NULL)
#5 C:\xampp\htdocs\CI4\system\Config\BaseService.php(248): CodeIgniter\Config\Services::toolbar()
#6 C:\xampp\htdocs\CI4\app\Config\Events.php(48): CodeIgniter\Config\BaseService::__callStatic('toolbar', Array)
#7 C:\xampp\htdocs\CI4\system\Events\Events.php(149): CodeIgniter\Events\Events::Config\{closure}()
#8 C:\xampp\htdocs\CI4\system\CodeIgniter.php(299): CodeIgniter\Events\Events::trigger('pre_system')
#9 C:\xampp\htdocs\CI4\public\index.php(37): CodeIgniter\CodeIgniter->run()
#10 C:\xampp\htdocs\CI4\system\Commands\Server\rewrite.php(43): require_once('C:\\xampp\\htdocs...')
#11 {main}
CRITICAL - 2021-11-07 23:35:10 --> Undefined class constant 'CodeIgniter\Debug\Toolbar\Collectors\Database::perpustakaan'
#0 C:\xampp\htdocs\CI4\system\Common.php(197): CodeIgniter\Config\Factories::__callStatic('config', Array)
#1 C:\xampp\htdocs\CI4\system\Config\Services.php(624): config('Toolbar')
#2 C:\xampp\htdocs\CI4\system\Config\BaseService.php(248): CodeIgniter\Config\Services::toolbar(NULL, false)
#3 C:\xampp\htdocs\CI4\system\Config\BaseService.php(189): CodeIgniter\Config\BaseService::__callStatic('toolbar', Array)
#4 C:\xampp\htdocs\CI4\system\Config\Services.php(621): CodeIgniter\Config\BaseService::getSharedInstance('toolbar', NULL)
#5 C:\xampp\htdocs\CI4\system\Config\BaseService.php(248): CodeIgniter\Config\Services::toolbar()
#6 C:\xampp\htdocs\CI4\app\Config\Events.php(48): CodeIgniter\Config\BaseService::__callStatic('toolbar', Array)
#7 C:\xampp\htdocs\CI4\system\Events\Events.php(149): CodeIgniter\Events\Events::Config\{closure}()
#8 C:\xampp\htdocs\CI4\system\CodeIgniter.php(299): CodeIgniter\Events\Events::trigger('pre_system')
#9 C:\xampp\htdocs\CI4\public\index.php(37): CodeIgniter\CodeIgniter->run()
#10 C:\xampp\htdocs\CI4\system\Commands\Server\rewrite.php(43): require_once('C:\\xampp\\htdocs...')
#11 {main}
CRITICAL - 2021-11-07 23:35:59 --> Undefined class constant 'CodeIgniter\Debug\Toolbar\Collectors\Database::perpustakaan'
#0 C:\xampp\htdocs\CI4\system\Common.php(197): CodeIgniter\Config\Factories::__callStatic('config', Array)
#1 C:\xampp\htdocs\CI4\system\Config\Services.php(624): config('Toolbar')
#2 C:\xampp\htdocs\CI4\system\Config\BaseService.php(248): CodeIgniter\Config\Services::toolbar(NULL, false)
#3 C:\xampp\htdocs\CI4\system\Config\BaseService.php(189): CodeIgniter\Config\BaseService::__callStatic('toolbar', Array)
#4 C:\xampp\htdocs\CI4\system\Config\Services.php(621): CodeIgniter\Config\BaseService::getSharedInstance('toolbar', NULL)
#5 C:\xampp\htdocs\CI4\system\Config\BaseService.php(248): CodeIgniter\Config\Services::toolbar()
#6 C:\xampp\htdocs\CI4\app\Config\Events.php(48): CodeIgniter\Config\BaseService::__callStatic('toolbar', Array)
#7 C:\xampp\htdocs\CI4\system\Events\Events.php(149): CodeIgniter\Events\Events::Config\{closure}()
#8 C:\xampp\htdocs\CI4\system\CodeIgniter.php(299): CodeIgniter\Events\Events::trigger('pre_system')
#9 C:\xampp\htdocs\CI4\public\index.php(37): CodeIgniter\CodeIgniter->run()
#10 C:\xampp\htdocs\CI4\system\Commands\Server\rewrite.php(43): require_once('C:\\xampp\\htdocs...')
#11 {main}
CRITICAL - 2021-11-07 23:40:55 --> Undefined class constant 'CodeIgniter\Debug\Toolbar\Collectors\Database::perpustakaan'
#0 C:\xampp\htdocs\CI4\system\Common.php(197): CodeIgniter\Config\Factories::__callStatic('config', Array)
#1 C:\xampp\htdocs\CI4\system\Config\Services.php(624): config('Toolbar')
#2 C:\xampp\htdocs\CI4\system\Config\BaseService.php(248): CodeIgniter\Config\Services::toolbar(NULL, false)
#3 C:\xampp\htdocs\CI4\system\Config\BaseService.php(189): CodeIgniter\Config\BaseService::__callStatic('toolbar', Array)
#4 C:\xampp\htdocs\CI4\system\Config\Services.php(621): CodeIgniter\Config\BaseService::getSharedInstance('toolbar', NULL)
#5 C:\xampp\htdocs\CI4\system\Config\BaseService.php(248): CodeIgniter\Config\Services::toolbar()
#6 C:\xampp\htdocs\CI4\app\Config\Events.php(48): CodeIgniter\Config\BaseService::__callStatic('toolbar', Array)
#7 C:\xampp\htdocs\CI4\system\Events\Events.php(149): CodeIgniter\Events\Events::Config\{closure}()
#8 C:\xampp\htdocs\CI4\system\CodeIgniter.php(299): CodeIgniter\Events\Events::trigger('pre_system')
#9 C:\xampp\htdocs\CI4\public\index.php(37): CodeIgniter\CodeIgniter->run()
#10 C:\xampp\htdocs\CI4\system\Commands\Server\rewrite.php(43): require_once('C:\\xampp\\htdocs...')
#11 {main}
CRITICAL - 2021-11-07 23:40:57 --> Undefined class constant 'CodeIgniter\Debug\Toolbar\Collectors\Database::perpustakaan'
#0 C:\xampp\htdocs\CI4\system\Common.php(197): CodeIgniter\Config\Factories::__callStatic('config', Array)
#1 C:\xampp\htdocs\CI4\system\Config\Services.php(624): config('Toolbar')
#2 C:\xampp\htdocs\CI4\system\Config\BaseService.php(248): CodeIgniter\Config\Services::toolbar(NULL, false)
#3 C:\xampp\htdocs\CI4\system\Config\BaseService.php(189): CodeIgniter\Config\BaseService::__callStatic('toolbar', Array)
#4 C:\xampp\htdocs\CI4\system\Config\Services.php(621): CodeIgniter\Config\BaseService::getSharedInstance('toolbar', NULL)
#5 C:\xampp\htdocs\CI4\system\Config\BaseService.php(248): CodeIgniter\Config\Services::toolbar()
#6 C:\xampp\htdocs\CI4\app\Config\Events.php(48): CodeIgniter\Config\BaseService::__callStatic('toolbar', Array)
#7 C:\xampp\htdocs\CI4\system\Events\Events.php(149): CodeIgniter\Events\Events::Config\{closure}()
#8 C:\xampp\htdocs\CI4\system\CodeIgniter.php(299): CodeIgniter\Events\Events::trigger('pre_system')
#9 C:\xampp\htdocs\CI4\public\index.php(37): CodeIgniter\CodeIgniter->run()
#10 C:\xampp\htdocs\CI4\system\Commands\Server\rewrite.php(43): require_once('C:\\xampp\\htdocs...')
#11 {main}
CRITICAL - 2021-11-07 23:40:58 --> Undefined class constant 'CodeIgniter\Debug\Toolbar\Collectors\Database::perpustakaan'
#0 C:\xampp\htdocs\CI4\system\Common.php(197): CodeIgniter\Config\Factories::__callStatic('config', Array)
#1 C:\xampp\htdocs\CI4\system\Config\Services.php(624): config('Toolbar')
#2 C:\xampp\htdocs\CI4\system\Config\BaseService.php(248): CodeIgniter\Config\Services::toolbar(NULL, false)
#3 C:\xampp\htdocs\CI4\system\Config\BaseService.php(189): CodeIgniter\Config\BaseService::__callStatic('toolbar', Array)
#4 C:\xampp\htdocs\CI4\system\Config\Services.php(621): CodeIgniter\Config\BaseService::getSharedInstance('toolbar', NULL)
#5 C:\xampp\htdocs\CI4\system\Config\BaseService.php(248): CodeIgniter\Config\Services::toolbar()
#6 C:\xampp\htdocs\CI4\app\Config\Events.php(48): CodeIgniter\Config\BaseService::__callStatic('toolbar', Array)
#7 C:\xampp\htdocs\CI4\system\Events\Events.php(149): CodeIgniter\Events\Events::Config\{closure}()
#8 C:\xampp\htdocs\CI4\system\CodeIgniter.php(299): CodeIgniter\Events\Events::trigger('pre_system')
#9 C:\xampp\htdocs\CI4\public\index.php(37): CodeIgniter\CodeIgniter->run()
#10 C:\xampp\htdocs\CI4\system\Commands\Server\rewrite.php(43): require_once('C:\\xampp\\htdocs...')
#11 {main}
CRITICAL - 2021-11-07 23:41:00 --> Undefined class constant 'CodeIgniter\Debug\Toolbar\Collectors\Database::perpustakaan'
#0 C:\xampp\htdocs\CI4\system\Common.php(197): CodeIgniter\Config\Factories::__callStatic('config', Array)
#1 C:\xampp\htdocs\CI4\system\Config\Services.php(624): config('Toolbar')
#2 C:\xampp\htdocs\CI4\system\Config\BaseService.php(248): CodeIgniter\Config\Services::toolbar(NULL, false)
#3 C:\xampp\htdocs\CI4\system\Config\BaseService.php(189): CodeIgniter\Config\BaseService::__callStatic('toolbar', Array)
#4 C:\xampp\htdocs\CI4\system\Config\Services.php(621): CodeIgniter\Config\BaseService::getSharedInstance('toolbar', NULL)
#5 C:\xampp\htdocs\CI4\system\Config\BaseService.php(248): CodeIgniter\Config\Services::toolbar()
#6 C:\xampp\htdocs\CI4\app\Config\Events.php(48): CodeIgniter\Config\BaseService::__callStatic('toolbar', Array)
#7 C:\xampp\htdocs\CI4\system\Events\Events.php(149): CodeIgniter\Events\Events::Config\{closure}()
#8 C:\xampp\htdocs\CI4\system\CodeIgniter.php(299): CodeIgniter\Events\Events::trigger('pre_system')
#9 C:\xampp\htdocs\CI4\public\index.php(37): CodeIgniter\CodeIgniter->run()
#10 C:\xampp\htdocs\CI4\system\Commands\Server\rewrite.php(43): require_once('C:\\xampp\\htdocs...')
#11 {main}
CRITICAL - 2021-11-07 23:41:01 --> Undefined class constant 'CodeIgniter\Debug\Toolbar\Collectors\Database::perpustakaan'
#0 C:\xampp\htdocs\CI4\system\Common.php(197): CodeIgniter\Config\Factories::__callStatic('config', Array)
#1 C:\xampp\htdocs\CI4\system\Config\Services.php(624): config('Toolbar')
#2 C:\xampp\htdocs\CI4\system\Config\BaseService.php(248): CodeIgniter\Config\Services::toolbar(NULL, false)
#3 C:\xampp\htdocs\CI4\system\Config\BaseService.php(189): CodeIgniter\Config\BaseService::__callStatic('toolbar', Array)
#4 C:\xampp\htdocs\CI4\system\Config\Services.php(621): CodeIgniter\Config\BaseService::getSharedInstance('toolbar', NULL)
#5 C:\xampp\htdocs\CI4\system\Config\BaseService.php(248): CodeIgniter\Config\Services::toolbar()
#6 C:\xampp\htdocs\CI4\app\Config\Events.php(48): CodeIgniter\Config\BaseService::__callStatic('toolbar', Array)
#7 C:\xampp\htdocs\CI4\system\Events\Events.php(149): CodeIgniter\Events\Events::Config\{closure}()
#8 C:\xampp\htdocs\CI4\system\CodeIgniter.php(299): CodeIgniter\Events\Events::trigger('pre_system')
#9 C:\xampp\htdocs\CI4\public\index.php(37): CodeIgniter\CodeIgniter->run()
#10 C:\xampp\htdocs\CI4\system\Commands\Server\rewrite.php(43): require_once('C:\\xampp\\htdocs...')
#11 {main}
CRITICAL - 2021-11-07 23:41:06 --> Undefined class constant 'CodeIgniter\Debug\Toolbar\Collectors\Database::perpustakaan'
#0 C:\xampp\htdocs\CI4\system\Common.php(197): CodeIgniter\Config\Factories::__callStatic('config', Array)
#1 C:\xampp\htdocs\CI4\system\Config\Services.php(624): config('Toolbar')
#2 C:\xampp\htdocs\CI4\system\Config\BaseService.php(248): CodeIgniter\Config\Services::toolbar(NULL, false)
#3 C:\xampp\htdocs\CI4\system\Config\BaseService.php(189): CodeIgniter\Config\BaseService::__callStatic('toolbar', Array)
#4 C:\xampp\htdocs\CI4\system\Config\Services.php(621): CodeIgniter\Config\BaseService::getSharedInstance('toolbar', NULL)
#5 C:\xampp\htdocs\CI4\system\Config\BaseService.php(248): CodeIgniter\Config\Services::toolbar()
#6 C:\xampp\htdocs\CI4\app\Config\Events.php(48): CodeIgniter\Config\BaseService::__callStatic('toolbar', Array)
#7 C:\xampp\htdocs\CI4\system\Events\Events.php(149): CodeIgniter\Events\Events::Config\{closure}()
#8 C:\xampp\htdocs\CI4\system\CodeIgniter.php(299): CodeIgniter\Events\Events::trigger('pre_system')
#9 C:\xampp\htdocs\CI4\public\index.php(37): CodeIgniter\CodeIgniter->run()
#10 C:\xampp\htdocs\CI4\system\Commands\Server\rewrite.php(43): require_once('C:\\xampp\\htdocs...')
#11 {main}
CRITICAL - 2021-11-07 23:42:03 --> Undefined class constant 'CodeIgniter\Debug\Toolbar\Collectors\Database::perpustakaan'
#0 C:\xampp\htdocs\CI4\system\Common.php(197): CodeIgniter\Config\Factories::__callStatic('config', Array)
#1 C:\xampp\htdocs\CI4\system\Config\Services.php(624): config('Toolbar')
#2 C:\xampp\htdocs\CI4\system\Config\BaseService.php(248): CodeIgniter\Config\Services::toolbar(NULL, false)
#3 C:\xampp\htdocs\CI4\system\Config\BaseService.php(189): CodeIgniter\Config\BaseService::__callStatic('toolbar', Array)
#4 C:\xampp\htdocs\CI4\system\Config\Services.php(621): CodeIgniter\Config\BaseService::getSharedInstance('toolbar', NULL)
#5 C:\xampp\htdocs\CI4\system\Config\BaseService.php(248): CodeIgniter\Config\Services::toolbar()
#6 C:\xampp\htdocs\CI4\app\Config\Events.php(48): CodeIgniter\Config\BaseService::__callStatic('toolbar', Array)
#7 C:\xampp\htdocs\CI4\system\Events\Events.php(149): CodeIgniter\Events\Events::Config\{closure}()
#8 C:\xampp\htdocs\CI4\system\CodeIgniter.php(299): CodeIgniter\Events\Events::trigger('pre_system')
#9 C:\xampp\htdocs\CI4\public\index.php(37): CodeIgniter\CodeIgniter->run()
#10 C:\xampp\htdocs\CI4\system\Commands\Server\rewrite.php(43): require_once('C:\\xampp\\htdocs...')
#11 {main}
CRITICAL - 2021-11-07 23:42:05 --> Undefined class constant 'CodeIgniter\Debug\Toolbar\Collectors\Database::perpustakaan'
#0 C:\xampp\htdocs\CI4\system\Common.php(197): CodeIgniter\Config\Factories::__callStatic('config', Array)
#1 C:\xampp\htdocs\CI4\system\Config\Services.php(624): config('Toolbar')
#2 C:\xampp\htdocs\CI4\system\Config\BaseService.php(248): CodeIgniter\Config\Services::toolbar(NULL, false)
#3 C:\xampp\htdocs\CI4\system\Config\BaseService.php(189): CodeIgniter\Config\BaseService::__callStatic('toolbar', Array)
#4 C:\xampp\htdocs\CI4\system\Config\Services.php(621): CodeIgniter\Config\BaseService::getSharedInstance('toolbar', NULL)
#5 C:\xampp\htdocs\CI4\system\Config\BaseService.php(248): CodeIgniter\Config\Services::toolbar()
#6 C:\xampp\htdocs\CI4\app\Config\Events.php(48): CodeIgniter\Config\BaseService::__callStatic('toolbar', Array)
#7 C:\xampp\htdocs\CI4\system\Events\Events.php(149): CodeIgniter\Events\Events::Config\{closure}()
#8 C:\xampp\htdocs\CI4\system\CodeIgniter.php(299): CodeIgniter\Events\Events::trigger('pre_system')
#9 C:\xampp\htdocs\CI4\public\index.php(37): CodeIgniter\CodeIgniter->run()
#10 C:\xampp\htdocs\CI4\system\Commands\Server\rewrite.php(43): require_once('C:\\xampp\\htdocs...')
#11 {main}
CRITICAL - 2021-11-07 23:42:05 --> Undefined class constant 'CodeIgniter\Debug\Toolbar\Collectors\Database::perpustakaan'
#0 C:\xampp\htdocs\CI4\system\Common.php(197): CodeIgniter\Config\Factories::__callStatic('config', Array)
#1 C:\xampp\htdocs\CI4\system\Config\Services.php(624): config('Toolbar')
#2 C:\xampp\htdocs\CI4\system\Config\BaseService.php(248): CodeIgniter\Config\Services::toolbar(NULL, false)
#3 C:\xampp\htdocs\CI4\system\Config\BaseService.php(189): CodeIgniter\Config\BaseService::__callStatic('toolbar', Array)
#4 C:\xampp\htdocs\CI4\system\Config\Services.php(621): CodeIgniter\Config\BaseService::getSharedInstance('toolbar', NULL)
#5 C:\xampp\htdocs\CI4\system\Config\BaseService.php(248): CodeIgniter\Config\Services::toolbar()
#6 C:\xampp\htdocs\CI4\app\Config\Events.php(48): CodeIgniter\Config\BaseService::__callStatic('toolbar', Array)
#7 C:\xampp\htdocs\CI4\system\Events\Events.php(149): CodeIgniter\Events\Events::Config\{closure}()
#8 C:\xampp\htdocs\CI4\system\CodeIgniter.php(299): CodeIgniter\Events\Events::trigger('pre_system')
#9 C:\xampp\htdocs\CI4\public\index.php(37): CodeIgniter\CodeIgniter->run()
#10 C:\xampp\htdocs\CI4\system\Commands\Server\rewrite.php(43): require_once('C:\\xampp\\htdocs...')
#11 {main}
CRITICAL - 2021-11-07 23:42:34 --> Undefined class constant 'CodeIgniter\Debug\Toolbar\Collectors\Database::perpustakaan'
#0 C:\xampp\htdocs\CI4\system\Common.php(197): CodeIgniter\Config\Factories::__callStatic('config', Array)
#1 C:\xampp\htdocs\CI4\system\Config\Services.php(624): config('Toolbar')
#2 C:\xampp\htdocs\CI4\system\Config\BaseService.php(248): CodeIgniter\Config\Services::toolbar(NULL, false)
#3 C:\xampp\htdocs\CI4\system\Config\BaseService.php(189): CodeIgniter\Config\BaseService::__callStatic('toolbar', Array)
#4 C:\xampp\htdocs\CI4\system\Config\Services.php(621): CodeIgniter\Config\BaseService::getSharedInstance('toolbar', NULL)
#5 C:\xampp\htdocs\CI4\system\Config\BaseService.php(248): CodeIgniter\Config\Services::toolbar()
#6 C:\xampp\htdocs\CI4\app\Config\Events.php(48): CodeIgniter\Config\BaseService::__callStatic('toolbar', Array)
#7 C:\xampp\htdocs\CI4\system\Events\Events.php(149): CodeIgniter\Events\Events::Config\{closure}()
#8 C:\xampp\htdocs\CI4\system\CodeIgniter.php(299): CodeIgniter\Events\Events::trigger('pre_system')
#9 C:\xampp\htdocs\CI4\public\index.php(37): CodeIgniter\CodeIgniter->run()
#10 C:\xampp\htdocs\CI4\system\Commands\Server\rewrite.php(43): require_once('C:\\xampp\\htdocs...')
#11 {main}
CRITICAL - 2021-11-07 23:43:08 --> Undefined class constant 'CodeIgniter\Debug\Toolbar\Collectors\Database::perpustakaan'
#0 C:\xampp\htdocs\CI4\system\Common.php(197): CodeIgniter\Config\Factories::__callStatic('config', Array)
#1 C:\xampp\htdocs\CI4\system\Config\Services.php(624): config('Toolbar')
#2 C:\xampp\htdocs\CI4\system\Config\BaseService.php(248): CodeIgniter\Config\Services::toolbar(NULL, false)
#3 C:\xampp\htdocs\CI4\system\Config\BaseService.php(189): CodeIgniter\Config\BaseService::__callStatic('toolbar', Array)
#4 C:\xampp\htdocs\CI4\system\Config\Services.php(621): CodeIgniter\Config\BaseService::getSharedInstance('toolbar', NULL)
#5 C:\xampp\htdocs\CI4\system\Config\BaseService.php(248): CodeIgniter\Config\Services::toolbar()
#6 C:\xampp\htdocs\CI4\app\Config\Events.php(48): CodeIgniter\Config\BaseService::__callStatic('toolbar', Array)
#7 C:\xampp\htdocs\CI4\system\Events\Events.php(149): CodeIgniter\Events\Events::Config\{closure}()
#8 C:\xampp\htdocs\CI4\system\CodeIgniter.php(299): CodeIgniter\Events\Events::trigger('pre_system')
#9 C:\xampp\htdocs\CI4\public\index.php(37): CodeIgniter\CodeIgniter->run()
#10 C:\xampp\htdocs\CI4\system\Commands\Server\rewrite.php(43): require_once('C:\\xampp\\htdocs...')
#11 {main}
CRITICAL - 2021-11-07 23:43:26 --> Undefined class constant 'CodeIgniter\Debug\Toolbar\Collectors\Database::perpustakaan'
#0 C:\xampp\htdocs\CI4\system\Common.php(197): CodeIgniter\Config\Factories::__callStatic('config', Array)
#1 C:\xampp\htdocs\CI4\system\Config\Services.php(624): config('Toolbar')
#2 C:\xampp\htdocs\CI4\system\Config\BaseService.php(248): CodeIgniter\Config\Services::toolbar(NULL, false)
#3 C:\xampp\htdocs\CI4\system\Config\BaseService.php(189): CodeIgniter\Config\BaseService::__callStatic('toolbar', Array)
#4 C:\xampp\htdocs\CI4\system\Config\Services.php(621): CodeIgniter\Config\BaseService::getSharedInstance('toolbar', NULL)
#5 C:\xampp\htdocs\CI4\system\Config\BaseService.php(248): CodeIgniter\Config\Services::toolbar()
#6 C:\xampp\htdocs\CI4\app\Config\Events.php(48): CodeIgniter\Config\BaseService::__callStatic('toolbar', Array)
#7 C:\xampp\htdocs\CI4\system\Events\Events.php(149): CodeIgniter\Events\Events::Config\{closure}()
#8 C:\xampp\htdocs\CI4\system\CodeIgniter.php(299): CodeIgniter\Events\Events::trigger('pre_system')
#9 C:\xampp\htdocs\CI4\public\index.php(37): CodeIgniter\CodeIgniter->run()
#10 C:\xampp\htdocs\CI4\system\Commands\Server\rewrite.php(43): require_once('C:\\xampp\\htdocs...')
#11 {main}
CRITICAL - 2021-11-07 23:44:25 --> Undefined class constant 'CodeIgniter\Debug\Toolbar\Collectors\Database::perpustakaan'
#0 C:\xampp\htdocs\CI4\system\Common.php(197): CodeIgniter\Config\Factories::__callStatic('config', Array)
#1 C:\xampp\htdocs\CI4\system\Config\Services.php(624): config('Toolbar')
#2 C:\xampp\htdocs\CI4\system\Config\BaseService.php(248): CodeIgniter\Config\Services::toolbar(NULL, false)
#3 C:\xampp\htdocs\CI4\system\Config\BaseService.php(189): CodeIgniter\Config\BaseService::__callStatic('toolbar', Array)
#4 C:\xampp\htdocs\CI4\system\Config\Services.php(621): CodeIgniter\Config\BaseService::getSharedInstance('toolbar', NULL)
#5 C:\xampp\htdocs\CI4\system\Config\BaseService.php(248): CodeIgniter\Config\Services::toolbar()
#6 C:\xampp\htdocs\CI4\app\Config\Events.php(48): CodeIgniter\Config\BaseService::__callStatic('toolbar', Array)
#7 C:\xampp\htdocs\CI4\system\Events\Events.php(149): CodeIgniter\Events\Events::Config\{closure}()
#8 C:\xampp\htdocs\CI4\system\CodeIgniter.php(299): CodeIgniter\Events\Events::trigger('pre_system')
#9 C:\xampp\htdocs\CI4\public\index.php(37): CodeIgniter\CodeIgniter->run()
#10 C:\xampp\htdocs\CI4\system\Commands\Server\rewrite.php(43): require_once('C:\\xampp\\htdocs...')
#11 {main}
CRITICAL - 2021-11-07 23:45:06 --> Undefined class constant 'CodeIgniter\Debug\Toolbar\Collectors\Database::perpustakaan'
#0 C:\xampp\htdocs\CI4\system\Common.php(197): CodeIgniter\Config\Factories::__callStatic('config', Array)
#1 C:\xampp\htdocs\CI4\system\Config\Services.php(624): config('Toolbar')
#2 C:\xampp\htdocs\CI4\system\Config\BaseService.php(248): CodeIgniter\Config\Services::toolbar(NULL, false)
#3 C:\xampp\htdocs\CI4\system\Config\BaseService.php(189): CodeIgniter\Config\BaseService::__callStatic('toolbar', Array)
#4 C:\xampp\htdocs\CI4\system\Config\Services.php(621): CodeIgniter\Config\BaseService::getSharedInstance('toolbar', NULL)
#5 C:\xampp\htdocs\CI4\system\Config\BaseService.php(248): CodeIgniter\Config\Services::toolbar()
#6 C:\xampp\htdocs\CI4\app\Config\Events.php(48): CodeIgniter\Config\BaseService::__callStatic('toolbar', Array)
#7 C:\xampp\htdocs\CI4\system\Events\Events.php(149): CodeIgniter\Events\Events::Config\{closure}()
#8 C:\xampp\htdocs\CI4\system\CodeIgniter.php(299): CodeIgniter\Events\Events::trigger('pre_system')
#9 C:\xampp\htdocs\CI4\public\index.php(37): CodeIgniter\CodeIgniter->run()
#10 C:\xampp\htdocs\CI4\system\Commands\Server\rewrite.php(43): require_once('C:\\xampp\\htdocs...')
#11 {main}
CRITICAL - 2021-11-07 23:45:09 --> Undefined class constant 'CodeIgniter\Debug\Toolbar\Collectors\Database::perpustakaan'
#0 C:\xampp\htdocs\CI4\system\Common.php(197): CodeIgniter\Config\Factories::__callStatic('config', Array)
#1 C:\xampp\htdocs\CI4\system\Config\Services.php(624): config('Toolbar')
#2 C:\xampp\htdocs\CI4\system\Config\BaseService.php(248): CodeIgniter\Config\Services::toolbar(NULL, false)
#3 C:\xampp\htdocs\CI4\system\Config\BaseService.php(189): CodeIgniter\Config\BaseService::__callStatic('toolbar', Array)
#4 C:\xampp\htdocs\CI4\system\Config\Services.php(621): CodeIgniter\Config\BaseService::getSharedInstance('toolbar', NULL)
#5 C:\xampp\htdocs\CI4\system\Config\BaseService.php(248): CodeIgniter\Config\Services::toolbar()
#6 C:\xampp\htdocs\CI4\app\Config\Events.php(48): CodeIgniter\Config\BaseService::__callStatic('toolbar', Array)
#7 C:\xampp\htdocs\CI4\system\Events\Events.php(149): CodeIgniter\Events\Events::Config\{closure}()
#8 C:\xampp\htdocs\CI4\system\CodeIgniter.php(299): CodeIgniter\Events\Events::trigger('pre_system')
#9 C:\xampp\htdocs\CI4\public\index.php(37): CodeIgniter\CodeIgniter->run()
#10 C:\xampp\htdocs\CI4\system\Commands\Server\rewrite.php(43): require_once('C:\\xampp\\htdocs...')
#11 {main}
CRITICAL - 2021-11-07 23:46:27 --> Undefined class constant 'CodeIgniter\Debug\Toolbar\Collectors\Database::perpustakaan'
#0 C:\xampp\htdocs\CI4\system\Common.php(197): CodeIgniter\Config\Factories::__callStatic('config', Array)
#1 C:\xampp\htdocs\CI4\system\Config\Services.php(624): config('Toolbar')
#2 C:\xampp\htdocs\CI4\system\Config\BaseService.php(248): CodeIgniter\Config\Services::toolbar(NULL, false)
#3 C:\xampp\htdocs\CI4\system\Config\BaseService.php(189): CodeIgniter\Config\BaseService::__callStatic('toolbar', Array)
#4 C:\xampp\htdocs\CI4\system\Config\Services.php(621): CodeIgniter\Config\BaseService::getSharedInstance('toolbar', NULL)
#5 C:\xampp\htdocs\CI4\system\Config\BaseService.php(248): CodeIgniter\Config\Services::toolbar()
#6 C:\xampp\htdocs\CI4\app\Config\Events.php(48): CodeIgniter\Config\BaseService::__callStatic('toolbar', Array)
#7 C:\xampp\htdocs\CI4\system\Events\Events.php(149): CodeIgniter\Events\Events::Config\{closure}()
#8 C:\xampp\htdocs\CI4\system\CodeIgniter.php(299): CodeIgniter\Events\Events::trigger('pre_system')
#9 C:\xampp\htdocs\CI4\public\index.php(37): CodeIgniter\CodeIgniter->run()
#10 C:\xampp\htdocs\CI4\system\Commands\Server\rewrite.php(43): require_once('C:\\xampp\\htdocs...')
#11 {main}
CRITICAL - 2021-11-07 23:50:12 --> Undefined class constant 'CodeIgniter\Debug\Toolbar\Collectors\Database::perpustakaan'
#0 C:\xampp\htdocs\CI4\system\Common.php(197): CodeIgniter\Config\Factories::__callStatic('config', Array)
#1 C:\xampp\htdocs\CI4\system\Config\Services.php(624): config('Toolbar')
#2 C:\xampp\htdocs\CI4\system\Config\BaseService.php(248): CodeIgniter\Config\Services::toolbar(NULL, false)
#3 C:\xampp\htdocs\CI4\system\Config\BaseService.php(189): CodeIgniter\Config\BaseService::__callStatic('toolbar', Array)
#4 C:\xampp\htdocs\CI4\system\Config\Services.php(621): CodeIgniter\Config\BaseService::getSharedInstance('toolbar', NULL)
#5 C:\xampp\htdocs\CI4\system\Config\BaseService.php(248): CodeIgniter\Config\Services::toolbar()
#6 C:\xampp\htdocs\CI4\app\Config\Events.php(48): CodeIgniter\Config\BaseService::__callStatic('toolbar', Array)
#7 C:\xampp\htdocs\CI4\system\Events\Events.php(149): CodeIgniter\Events\Events::Config\{closure}()
#8 C:\xampp\htdocs\CI4\system\CodeIgniter.php(299): CodeIgniter\Events\Events::trigger('pre_system')
#9 C:\xampp\htdocs\CI4\public\index.php(37): CodeIgniter\CodeIgniter->run()
#10 C:\xampp\htdocs\CI4\system\Commands\Server\rewrite.php(43): require_once('C:\\xampp\\htdocs...')
#11 {main}
